
///////////////////////////////////
// Efinity Synthesis Started 
// Jul 15, 2025 16:18:38
///////////////////////////////////

[EFX-0011 VERI-WARNING] expression size 7 truncated to fit in target size 6 (VERI-1209) (/home/efx/hdd/efinity_company_projects/4aff299aaa/rtl/top.v:36)
[EFX-0011 VERI-WARNING] expression size 7 truncated to fit in target size 6 (VERI-1209) (/home/efx/hdd/efinity_company_projects/4aff299aaa/rtl/top.v:64)
[EFX-0011 VERI-WARNING] expression size 16 truncated to fit in target size 15 (VERI-1209) (/home/efx/hdd/efinity_company_projects/4aff299aaa/rtl/uart_rx.v:47)
[EFX-0011 VERI-WARNING] expression size 16 truncated to fit in target size 15 (VERI-1209) (/home/efx/hdd/efinity_company_projects/4aff299aaa/rtl/uart_rx.v:63)
[EFX-0011 VERI-WARNING] expression size 5 truncated to fit in target size 4 (VERI-1209) (/home/efx/hdd/efinity_company_projects/4aff299aaa/rtl/uart_rx.v:65)
[EFX-0011 VERI-WARNING] expression size 16 truncated to fit in target size 15 (VERI-1209) (/home/efx/hdd/efinity_company_projects/4aff299aaa/rtl/uart_rx.v:77)
[EFX-0011 VERI-WARNING] expression size 16 truncated to fit in target size 15 (VERI-1209) (/home/efx/hdd/efinity_company_projects/4aff299aaa/rtl/uart_tx.v:54)
[EFX-0011 VERI-WARNING] expression size 16 truncated to fit in target size 15 (VERI-1209) (/home/efx/hdd/efinity_company_projects/4aff299aaa/rtl/uart_tx.v:65)
[EFX-0011 VERI-WARNING] expression size 4 truncated to fit in target size 3 (VERI-1209) (/home/efx/hdd/efinity_company_projects/4aff299aaa/rtl/uart_tx.v:70)
[EFX-0011 VERI-WARNING] expression size 16 truncated to fit in target size 15 (VERI-1209) (/home/efx/hdd/efinity_company_projects/4aff299aaa/rtl/uart_tx.v:82)
[EFX-0011 VERI-WARNING] expression size 9 truncated to fit in target size 8 (VERI-1209) (/home/efx/hdd/efinity_company_projects/4aff299aaa/rtl/add-sub.v:151)
[EFX-0011 VERI-WARNING] expression size 32 truncated to fit in target size 10 (VERI-1209) (/home/efx/hdd/efinity_company_projects/4aff299aaa/rtl/mul.v:32)
[EFX-0011 VERI-WARNING] expression size 32 truncated to fit in target size 10 (VERI-1209) (/home/efx/hdd/efinity_company_projects/4aff299aaa/rtl/mul.v:33)
[EFX-0011 VERI-WARNING] expression size 32 truncated to fit in target size 10 (VERI-1209) (/home/efx/hdd/efinity_company_projects/4aff299aaa/rtl/mul.v:106)
[EFX-0011 VERI-WARNING] expression size 32 truncated to fit in target size 10 (VERI-1209) (/home/efx/hdd/efinity_company_projects/4aff299aaa/rtl/mul.v:108)
[EFX-0011 VERI-WARNING] expression size 12 truncated to fit in target size 10 (VERI-1209) (/home/efx/hdd/efinity_company_projects/4aff299aaa/rtl/mul.v:122)
[EFX-0011 VERI-WARNING] expression size 32 truncated to fit in target size 10 (VERI-1209) (/home/efx/hdd/efinity_company_projects/4aff299aaa/rtl/mul.v:159)
[EFX-0011 VERI-WARNING] expression size 32 truncated to fit in target size 10 (VERI-1209) (/home/efx/hdd/efinity_company_projects/4aff299aaa/rtl/mul.v:162)
[EFX-0011 VERI-WARNING] expression size 25 truncated to fit in target size 24 (VERI-1209) (/home/efx/hdd/efinity_company_projects/4aff299aaa/rtl/mul.v:165)
[EFX-0011 VERI-WARNING] expression size 11 truncated to fit in target size 10 (VERI-1209) (/home/efx/hdd/efinity_company_projects/4aff299aaa/rtl/mul.v:166)
[EFX-0011 VERI-WARNING] expression size 9 truncated to fit in target size 8 (VERI-1209) (/home/efx/hdd/efinity_company_projects/4aff299aaa/rtl/mul.v:181)
[EFX-0200 WARNING] Removing redundant signal : A[31]. (/home/efx/hdd/efinity_company_projects/4aff299aaa/rtl/add-sub.v:230)
[EFX-0200 WARNING] Removing redundant signal : B[31]. (/home/efx/hdd/efinity_company_projects/4aff299aaa/rtl/add-sub.v:231)
[EFX-0200 WARNING] Removing redundant signal : count_leading_zeros[4]. (/home/efx/hdd/efinity_company_projects/4aff299aaa/rtl/add-sub.v:259)
[EFX-0200 WARNING] Removing redundant signal : count_leading_zeros[3]. (/home/efx/hdd/efinity_company_projects/4aff299aaa/rtl/add-sub.v:259)
[EFX-0200 WARNING] Removing redundant signal : count_leading_zeros[2]. (/home/efx/hdd/efinity_company_projects/4aff299aaa/rtl/add-sub.v:259)
[EFX-0200 WARNING] Removing redundant signal : count_leading_zeros[1]. (/home/efx/hdd/efinity_company_projects/4aff299aaa/rtl/add-sub.v:259)
[EFX-0200 WARNING] Removing redundant signal : count_leading_zeros[0]. (/home/efx/hdd/efinity_company_projects/4aff299aaa/rtl/add-sub.v:259)
[EFX-0200 WARNING] Removing redundant signal : count_leading_zeros.in[23]. (/home/efx/hdd/efinity_company_projects/4aff299aaa/rtl/add-sub.v:260)
[EFX-0200 WARNING] Removing redundant signal : count_leading_zeros.in[22]. (/home/efx/hdd/efinity_company_projects/4aff299aaa/rtl/add-sub.v:260)
[EFX-0200 WARNING] Removing redundant signal : count_leading_zeros.in[21]. (/home/efx/hdd/efinity_company_projects/4aff299aaa/rtl/add-sub.v:260)
[EFX-0200 WARNING] Removing redundant signal : count_leading_zeros.in[20]. (/home/efx/hdd/efinity_company_projects/4aff299aaa/rtl/add-sub.v:260)
[EFX-0200 WARNING] Removing redundant signal : count_leading_zeros.in[19]. (/home/efx/hdd/efinity_company_projects/4aff299aaa/rtl/add-sub.v:260)
[EFX-0200 WARNING] Removing redundant signal : count_leading_zeros.in[18]. (/home/efx/hdd/efinity_company_projects/4aff299aaa/rtl/add-sub.v:260)
[EFX-0200 WARNING] Removing redundant signal : count_leading_zeros.in[17]. (/home/efx/hdd/efinity_company_projects/4aff299aaa/rtl/add-sub.v:260)
[EFX-0200 WARNING] Removing redundant signal : count_leading_zeros.in[16]. (/home/efx/hdd/efinity_company_projects/4aff299aaa/rtl/add-sub.v:260)
[EFX-0200 WARNING] Removing redundant signal : count_leading_zeros.in[15]. (/home/efx/hdd/efinity_company_projects/4aff299aaa/rtl/add-sub.v:260)
[EFX-0200 WARNING] Removing redundant signal : count_leading_zeros.in[14]. (/home/efx/hdd/efinity_company_projects/4aff299aaa/rtl/add-sub.v:260)
[EFX-0200 WARNING] Removing redundant signal : count_leading_zeros.in[13]. (/home/efx/hdd/efinity_company_projects/4aff299aaa/rtl/add-sub.v:260)
[EFX-0200 WARNING] Removing redundant signal : count_leading_zeros.in[12]. (/home/efx/hdd/efinity_company_projects/4aff299aaa/rtl/add-sub.v:260)
[EFX-0200 WARNING] Removing redundant signal : count_leading_zeros.in[11]. (/home/efx/hdd/efinity_company_projects/4aff299aaa/rtl/add-sub.v:260)

///////////////////////////////////
// Efinity Synthesis Started 
// Jul 15, 2025 17:49:33
///////////////////////////////////

[EFX-0011 VERI-WARNING] expression size 7 truncated to fit in target size 6 (VERI-1209) (/home/dev/Vicharak/DCT/dct_uart/rtl/top.v:36)
[EFX-0011 VERI-WARNING] expression size 7 truncated to fit in target size 6 (VERI-1209) (/home/dev/Vicharak/DCT/dct_uart/rtl/top.v:64)
[EFX-0011 VERI-WARNING] expression size 16 truncated to fit in target size 15 (VERI-1209) (/home/dev/Vicharak/DCT/dct_uart/rtl/uart_rx.v:47)
[EFX-0011 VERI-WARNING] expression size 16 truncated to fit in target size 15 (VERI-1209) (/home/dev/Vicharak/DCT/dct_uart/rtl/uart_rx.v:63)
[EFX-0011 VERI-WARNING] expression size 5 truncated to fit in target size 4 (VERI-1209) (/home/dev/Vicharak/DCT/dct_uart/rtl/uart_rx.v:65)
[EFX-0011 VERI-WARNING] expression size 16 truncated to fit in target size 15 (VERI-1209) (/home/dev/Vicharak/DCT/dct_uart/rtl/uart_rx.v:77)
[EFX-0011 VERI-WARNING] expression size 16 truncated to fit in target size 15 (VERI-1209) (/home/dev/Vicharak/DCT/dct_uart/rtl/uart_tx.v:54)
[EFX-0011 VERI-WARNING] expression size 16 truncated to fit in target size 15 (VERI-1209) (/home/dev/Vicharak/DCT/dct_uart/rtl/uart_tx.v:65)
[EFX-0011 VERI-WARNING] expression size 4 truncated to fit in target size 3 (VERI-1209) (/home/dev/Vicharak/DCT/dct_uart/rtl/uart_tx.v:70)
[EFX-0011 VERI-WARNING] expression size 16 truncated to fit in target size 15 (VERI-1209) (/home/dev/Vicharak/DCT/dct_uart/rtl/uart_tx.v:82)
[EFX-0011 VERI-WARNING] expression size 9 truncated to fit in target size 8 (VERI-1209) (/home/dev/Vicharak/DCT/dct_uart/rtl/add-sub.v:151)
[EFX-0011 VERI-WARNING] expression size 32 truncated to fit in target size 10 (VERI-1209) (/home/dev/Vicharak/DCT/dct_uart/rtl/mul.v:32)
[EFX-0011 VERI-WARNING] expression size 32 truncated to fit in target size 10 (VERI-1209) (/home/dev/Vicharak/DCT/dct_uart/rtl/mul.v:33)
[EFX-0011 VERI-WARNING] expression size 32 truncated to fit in target size 10 (VERI-1209) (/home/dev/Vicharak/DCT/dct_uart/rtl/mul.v:106)
[EFX-0011 VERI-WARNING] expression size 32 truncated to fit in target size 10 (VERI-1209) (/home/dev/Vicharak/DCT/dct_uart/rtl/mul.v:108)
[EFX-0011 VERI-WARNING] expression size 12 truncated to fit in target size 10 (VERI-1209) (/home/dev/Vicharak/DCT/dct_uart/rtl/mul.v:122)
[EFX-0011 VERI-WARNING] expression size 32 truncated to fit in target size 10 (VERI-1209) (/home/dev/Vicharak/DCT/dct_uart/rtl/mul.v:159)
[EFX-0011 VERI-WARNING] expression size 32 truncated to fit in target size 10 (VERI-1209) (/home/dev/Vicharak/DCT/dct_uart/rtl/mul.v:162)
[EFX-0011 VERI-WARNING] expression size 25 truncated to fit in target size 24 (VERI-1209) (/home/dev/Vicharak/DCT/dct_uart/rtl/mul.v:165)
[EFX-0011 VERI-WARNING] expression size 11 truncated to fit in target size 10 (VERI-1209) (/home/dev/Vicharak/DCT/dct_uart/rtl/mul.v:166)
[EFX-0011 VERI-WARNING] expression size 9 truncated to fit in target size 8 (VERI-1209) (/home/dev/Vicharak/DCT/dct_uart/rtl/mul.v:181)
[EFX-0200 WARNING] Removing redundant signal : A[31]. (/home/dev/Vicharak/DCT/dct_uart/rtl/add-sub.v:230)
[EFX-0200 WARNING] Removing redundant signal : B[31]. (/home/dev/Vicharak/DCT/dct_uart/rtl/add-sub.v:231)
[EFX-0200 WARNING] Removing redundant signal : count_leading_zeros[4]. (/home/dev/Vicharak/DCT/dct_uart/rtl/add-sub.v:259)
[EFX-0200 WARNING] Removing redundant signal : count_leading_zeros[3]. (/home/dev/Vicharak/DCT/dct_uart/rtl/add-sub.v:259)
[EFX-0200 WARNING] Removing redundant signal : count_leading_zeros[2]. (/home/dev/Vicharak/DCT/dct_uart/rtl/add-sub.v:259)
[EFX-0200 WARNING] Removing redundant signal : count_leading_zeros[1]. (/home/dev/Vicharak/DCT/dct_uart/rtl/add-sub.v:259)
[EFX-0200 WARNING] Removing redundant signal : count_leading_zeros[0]. (/home/dev/Vicharak/DCT/dct_uart/rtl/add-sub.v:259)
[EFX-0200 WARNING] Removing redundant signal : count_leading_zeros.in[23]. (/home/dev/Vicharak/DCT/dct_uart/rtl/add-sub.v:260)
[EFX-0200 WARNING] Removing redundant signal : count_leading_zeros.in[22]. (/home/dev/Vicharak/DCT/dct_uart/rtl/add-sub.v:260)
[EFX-0200 WARNING] Removing redundant signal : count_leading_zeros.in[21]. (/home/dev/Vicharak/DCT/dct_uart/rtl/add-sub.v:260)
[EFX-0200 WARNING] Removing redundant signal : count_leading_zeros.in[20]. (/home/dev/Vicharak/DCT/dct_uart/rtl/add-sub.v:260)
[EFX-0200 WARNING] Removing redundant signal : count_leading_zeros.in[19]. (/home/dev/Vicharak/DCT/dct_uart/rtl/add-sub.v:260)
[EFX-0200 WARNING] Removing redundant signal : count_leading_zeros.in[18]. (/home/dev/Vicharak/DCT/dct_uart/rtl/add-sub.v:260)
[EFX-0200 WARNING] Removing redundant signal : count_leading_zeros.in[17]. (/home/dev/Vicharak/DCT/dct_uart/rtl/add-sub.v:260)
[EFX-0200 WARNING] Removing redundant signal : count_leading_zeros.in[16]. (/home/dev/Vicharak/DCT/dct_uart/rtl/add-sub.v:260)
[EFX-0200 WARNING] Removing redundant signal : count_leading_zeros.in[15]. (/home/dev/Vicharak/DCT/dct_uart/rtl/add-sub.v:260)
[EFX-0200 WARNING] Removing redundant signal : count_leading_zeros.in[14]. (/home/dev/Vicharak/DCT/dct_uart/rtl/add-sub.v:260)
[EFX-0200 WARNING] Removing redundant signal : count_leading_zeros.in[13]. (/home/dev/Vicharak/DCT/dct_uart/rtl/add-sub.v:260)
[EFX-0200 WARNING] Removing redundant signal : count_leading_zeros.in[12]. (/home/dev/Vicharak/DCT/dct_uart/rtl/add-sub.v:260)
[EFX-0200 WARNING] Removing redundant signal : count_leading_zeros.in[11]. (/home/dev/Vicharak/DCT/dct_uart/rtl/add-sub.v:260)
