
///////////////////////////////////
// Efinity Synthesis Started 
// Jul 15, 2025 16:20:43
///////////////////////////////////

[EFX-0011 VERI-WARNING] port 'probe63' remains unconnected for this instance (VERI-1927) (/home/efx/hdd/efinity_company_projects/4aff299aaa/work_dbg/debug_top.v:352)
[EFX-0011 VERI-WARNING] input port 'probe63[0]' remains unconnected for this instance (VDB-1053) (/home/efx/hdd/efinity_company_projects/4aff299aaa/work_dbg/debug_top.v:269)
[EFX-0200 WARNING] Removing redundant signal : trigger_in. (/home/efx/hdd/efinity_company_projects/4aff299aaa/work_dbg/debug_top.v:5940)
[EFX-0200 WARNING] Removing redundant signal : din[2137]. (/home/efx/hdd/efinity_company_projects/4aff299aaa/work_dbg/debug_top.v:4825)
[EFX-0200 WARNING] Removing redundant signal : trig_out. (/home/efx/hdd/efinity_company_projects/4aff299aaa/work_dbg/debug_top.v:5106)
[EFX-0200 WARNING] Removing redundant signal : trig_out_ack. (/home/efx/hdd/efinity_company_projects/4aff299aaa/work_dbg/debug_top.v:5107)
[EFX-0200 WARNING] Removing redundant signal : bscan_DRCK. (/home/efx/hdd/efinity_company_projects/4aff299aaa/work_dbg/debug_top.v:1258)
[EFX-0200 WARNING] Removing redundant signal : bscan_RUNTEST. (/home/efx/hdd/efinity_company_projects/4aff299aaa/work_dbg/debug_top.v:1260)
[EFX-0200 WARNING] Removing redundant signal : bscan_SEL. (/home/efx/hdd/efinity_company_projects/4aff299aaa/work_dbg/debug_top.v:1261)
[EFX-0200 WARNING] Removing redundant signal : bscan_TMS. (/home/efx/hdd/efinity_company_projects/4aff299aaa/work_dbg/debug_top.v:1265)
[EFX-0200 WARNING] Removing redundant signal : trig_in_ack. (/home/efx/hdd/efinity_company_projects/4aff299aaa/work_dbg/debug_top.v:1276)
[EFX-0200 WARNING] Removing redundant signal : mux_capture_cmp[62]. (/home/efx/hdd/efinity_company_projects/4aff299aaa/work_dbg/debug_top.v:3690)
[EFX-0200 WARNING] Removing redundant signal : mux_capture_cmp[61]. (/home/efx/hdd/efinity_company_projects/4aff299aaa/work_dbg/debug_top.v:3690)
[EFX-0200 WARNING] Removing redundant signal : mux_capture_cmp[60]. (/home/efx/hdd/efinity_company_projects/4aff299aaa/work_dbg/debug_top.v:3690)
[EFX-0200 WARNING] Removing redundant signal : mux_capture_cmp[59]. (/home/efx/hdd/efinity_company_projects/4aff299aaa/work_dbg/debug_top.v:3690)
[EFX-0200 WARNING] Removing redundant signal : mux_capture_cmp[58]. (/home/efx/hdd/efinity_company_projects/4aff299aaa/work_dbg/debug_top.v:3690)
[EFX-0200 WARNING] Removing redundant signal : mux_capture_cmp[57]. (/home/efx/hdd/efinity_company_projects/4aff299aaa/work_dbg/debug_top.v:3690)
[EFX-0200 WARNING] Removing redundant signal : mux_capture_cmp[56]. (/home/efx/hdd/efinity_company_projects/4aff299aaa/work_dbg/debug_top.v:3690)
[EFX-0200 WARNING] Removing redundant signal : mux_capture_cmp[55]. (/home/efx/hdd/efinity_company_projects/4aff299aaa/work_dbg/debug_top.v:3690)
[EFX-0200 WARNING] Removing redundant signal : mux_capture_cmp[54]. (/home/efx/hdd/efinity_company_projects/4aff299aaa/work_dbg/debug_top.v:3690)
[EFX-0200 WARNING] Removing redundant signal : mux_capture_cmp[53]. (/home/efx/hdd/efinity_company_projects/4aff299aaa/work_dbg/debug_top.v:3690)
[EFX-0200 WARNING] Removing redundant signal : mux_capture_cmp[52]. (/home/efx/hdd/efinity_company_projects/4aff299aaa/work_dbg/debug_top.v:3690)
[EFX-0201 WARNING] Re-wiring to GND non-driven net 'la0.probe63[0]'. (/home/efx/hdd/efinity_company_projects/4aff299aaa/work_dbg/debug_top.v:269)
[EFX-0201 WARNING] Re-wiring to GND non-driven net 'la0.probe64[0]'. (/home/efx/hdd/efinity_company_projects/4aff299aaa/work_dbg/debug_top.v:269)
[EFX-0201 WARNING] Re-wiring to GND non-driven net 'la0.probe65[0]'. (/home/efx/hdd/efinity_company_projects/4aff299aaa/work_dbg/debug_top.v:269)
[EFX-0201 WARNING] Re-wiring to GND non-driven net 'la0.probe66[0]'. (/home/efx/hdd/efinity_company_projects/4aff299aaa/work_dbg/debug_top.v:269)
[EFX-0201 WARNING] Re-wiring to GND non-driven net 'la0.probe67[0]'. (/home/efx/hdd/efinity_company_projects/4aff299aaa/work_dbg/debug_top.v:269)
[EFX-0201 WARNING] Re-wiring to GND non-driven net 'la0.probe68[0]'. (/home/efx/hdd/efinity_company_projects/4aff299aaa/work_dbg/debug_top.v:269)
[EFX-0201 WARNING] Re-wiring to GND non-driven net 'la0.probe69[0]'. (/home/efx/hdd/efinity_company_projects/4aff299aaa/work_dbg/debug_top.v:269)
[EFX-0201 WARNING] Re-wiring to GND non-driven net 'la0.probe70[0]'. (/home/efx/hdd/efinity_company_projects/4aff299aaa/work_dbg/debug_top.v:269)
[EFX-0201 WARNING] Re-wiring to GND non-driven net 'la0.probe71[0]'. (/home/efx/hdd/efinity_company_projects/4aff299aaa/work_dbg/debug_top.v:269)
[EFX-0201 WARNING] Re-wiring to GND non-driven net 'la0.probe72[0]'. (/home/efx/hdd/efinity_company_projects/4aff299aaa/work_dbg/debug_top.v:269)
[EFX-0011 VERI-WARNING] Input/inout port bscan_DRCK is unconnected and will be removed. (VDB-8003) (/home/efx/hdd/efinity_company_projects/4aff299aaa/work_dbg/debug_top.v:13)
[EFX-0011 VERI-WARNING] Input/inout port bscan_RUNTEST is unconnected and will be removed. (VDB-8003) (/home/efx/hdd/efinity_company_projects/4aff299aaa/work_dbg/debug_top.v:15)
[EFX-0011 VERI-WARNING] Input/inout port bscan_TMS is unconnected and will be removed. (VDB-8003) (/home/efx/hdd/efinity_company_projects/4aff299aaa/work_dbg/debug_top.v:20)

///////////////////////////////////
// Efinity Synthesis Started 
// Jul 15, 2025 16:23:31
///////////////////////////////////

[EFX-0200 WARNING] Removing redundant signal : A[31]. (/home/efx/hdd/efinity_company_projects/4aff299aaa/rtl/add-sub.v:230)
[EFX-0200 WARNING] Removing redundant signal : B[31]. (/home/efx/hdd/efinity_company_projects/4aff299aaa/rtl/add-sub.v:231)
[EFX-0200 WARNING] Removing redundant signal : count_leading_zeros[4]. (/home/efx/hdd/efinity_company_projects/4aff299aaa/rtl/add-sub.v:259)
[EFX-0200 WARNING] Removing redundant signal : count_leading_zeros[3]. (/home/efx/hdd/efinity_company_projects/4aff299aaa/rtl/add-sub.v:259)
[EFX-0200 WARNING] Removing redundant signal : count_leading_zeros[2]. (/home/efx/hdd/efinity_company_projects/4aff299aaa/rtl/add-sub.v:259)
[EFX-0200 WARNING] Removing redundant signal : count_leading_zeros[1]. (/home/efx/hdd/efinity_company_projects/4aff299aaa/rtl/add-sub.v:259)
[EFX-0200 WARNING] Removing redundant signal : count_leading_zeros[0]. (/home/efx/hdd/efinity_company_projects/4aff299aaa/rtl/add-sub.v:259)
[EFX-0200 WARNING] Removing redundant signal : count_leading_zeros.in[23]. (/home/efx/hdd/efinity_company_projects/4aff299aaa/rtl/add-sub.v:260)
[EFX-0200 WARNING] Removing redundant signal : count_leading_zeros.in[22]. (/home/efx/hdd/efinity_company_projects/4aff299aaa/rtl/add-sub.v:260)
[EFX-0200 WARNING] Removing redundant signal : count_leading_zeros.in[21]. (/home/efx/hdd/efinity_company_projects/4aff299aaa/rtl/add-sub.v:260)
[EFX-0200 WARNING] Removing redundant signal : count_leading_zeros.in[20]. (/home/efx/hdd/efinity_company_projects/4aff299aaa/rtl/add-sub.v:260)
[EFX-0200 WARNING] Removing redundant signal : count_leading_zeros.in[19]. (/home/efx/hdd/efinity_company_projects/4aff299aaa/rtl/add-sub.v:260)
[EFX-0200 WARNING] Removing redundant signal : count_leading_zeros.in[18]. (/home/efx/hdd/efinity_company_projects/4aff299aaa/rtl/add-sub.v:260)
[EFX-0200 WARNING] Removing redundant signal : count_leading_zeros.in[17]. (/home/efx/hdd/efinity_company_projects/4aff299aaa/rtl/add-sub.v:260)
[EFX-0200 WARNING] Removing redundant signal : count_leading_zeros.in[16]. (/home/efx/hdd/efinity_company_projects/4aff299aaa/rtl/add-sub.v:260)
[EFX-0200 WARNING] Removing redundant signal : count_leading_zeros.in[15]. (/home/efx/hdd/efinity_company_projects/4aff299aaa/rtl/add-sub.v:260)
[EFX-0200 WARNING] Removing redundant signal : count_leading_zeros.in[14]. (/home/efx/hdd/efinity_company_projects/4aff299aaa/rtl/add-sub.v:260)
[EFX-0200 WARNING] Removing redundant signal : count_leading_zeros.in[13]. (/home/efx/hdd/efinity_company_projects/4aff299aaa/rtl/add-sub.v:260)
[EFX-0200 WARNING] Removing redundant signal : count_leading_zeros.in[12]. (/home/efx/hdd/efinity_company_projects/4aff299aaa/rtl/add-sub.v:260)
[EFX-0200 WARNING] Removing redundant signal : count_leading_zeros.in[11]. (/home/efx/hdd/efinity_company_projects/4aff299aaa/rtl/add-sub.v:260)

///////////////////////////////////
// Efinity Synthesis Started 
// Jul 15, 2025 17:51:54
///////////////////////////////////

[EFX-0011 VERI-WARNING] port 'probe32' remains unconnected for this instance (VERI-1927) (/home/dev/Vicharak/DCT/dct_uart/work_dbg/debug_top.v:228)
[EFX-0011 VERI-WARNING] input port 'probe32[0]' remains unconnected for this instance (VDB-1053) (/home/dev/Vicharak/DCT/dct_uart/work_dbg/debug_top.v:176)
[EFX-0200 WARNING] Removing redundant signal : compared_in[0]. (/home/dev/Vicharak/DCT/dct_uart/work_dbg/debug_top.v:5605)
[EFX-0200 WARNING] Removing redundant signal : mask_in[0]. (/home/dev/Vicharak/DCT/dct_uart/work_dbg/debug_top.v:5606)
[EFX-0200 WARNING] Removing redundant signal : trigger_in. (/home/dev/Vicharak/DCT/dct_uart/work_dbg/debug_top.v:5816)
[EFX-0200 WARNING] Removing redundant signal : din[237]. (/home/dev/Vicharak/DCT/dct_uart/work_dbg/debug_top.v:4701)
[EFX-0200 WARNING] Removing redundant signal : trig_out. (/home/dev/Vicharak/DCT/dct_uart/work_dbg/debug_top.v:4982)
[EFX-0200 WARNING] Removing redundant signal : trig_out_ack. (/home/dev/Vicharak/DCT/dct_uart/work_dbg/debug_top.v:4983)
[EFX-0200 WARNING] Removing redundant signal : bscan_DRCK. (/home/dev/Vicharak/DCT/dct_uart/work_dbg/debug_top.v:1134)
[EFX-0200 WARNING] Removing redundant signal : bscan_RUNTEST. (/home/dev/Vicharak/DCT/dct_uart/work_dbg/debug_top.v:1136)
[EFX-0200 WARNING] Removing redundant signal : bscan_SEL. (/home/dev/Vicharak/DCT/dct_uart/work_dbg/debug_top.v:1137)
[EFX-0200 WARNING] Removing redundant signal : bscan_TMS. (/home/dev/Vicharak/DCT/dct_uart/work_dbg/debug_top.v:1141)
[EFX-0200 WARNING] Removing redundant signal : trig_in_ack. (/home/dev/Vicharak/DCT/dct_uart/work_dbg/debug_top.v:1152)
[EFX-0200 WARNING] Removing redundant signal : mux_capture_cmp[31]. (/home/dev/Vicharak/DCT/dct_uart/work_dbg/debug_top.v:3566)
[EFX-0200 WARNING] Removing redundant signal : mux_capture_cmp[30]. (/home/dev/Vicharak/DCT/dct_uart/work_dbg/debug_top.v:3566)
[EFX-0200 WARNING] Removing redundant signal : mux_capture_cmp[29]. (/home/dev/Vicharak/DCT/dct_uart/work_dbg/debug_top.v:3566)
[EFX-0200 WARNING] Removing redundant signal : mux_capture_cmp[28]. (/home/dev/Vicharak/DCT/dct_uart/work_dbg/debug_top.v:3566)
[EFX-0200 WARNING] Removing redundant signal : mux_capture_cmp[27]. (/home/dev/Vicharak/DCT/dct_uart/work_dbg/debug_top.v:3566)
[EFX-0200 WARNING] Removing redundant signal : mux_capture_cmp[26]. (/home/dev/Vicharak/DCT/dct_uart/work_dbg/debug_top.v:3566)
[EFX-0200 WARNING] Removing redundant signal : mux_capture_cmp[25]. (/home/dev/Vicharak/DCT/dct_uart/work_dbg/debug_top.v:3566)
[EFX-0200 WARNING] Removing redundant signal : mux_capture_cmp[24]. (/home/dev/Vicharak/DCT/dct_uart/work_dbg/debug_top.v:3566)
[EFX-0200 WARNING] Removing redundant signal : mux_capture_cmp[23]. (/home/dev/Vicharak/DCT/dct_uart/work_dbg/debug_top.v:3566)
[EFX-0201 WARNING] Re-wiring to GND non-driven net 'la0.probe32[0]'. (/home/dev/Vicharak/DCT/dct_uart/work_dbg/debug_top.v:176)
[EFX-0201 WARNING] Re-wiring to GND non-driven net 'la0.probe33[0]'. (/home/dev/Vicharak/DCT/dct_uart/work_dbg/debug_top.v:176)
[EFX-0201 WARNING] Re-wiring to GND non-driven net 'la0.probe34[0]'. (/home/dev/Vicharak/DCT/dct_uart/work_dbg/debug_top.v:176)
[EFX-0201 WARNING] Re-wiring to GND non-driven net 'la0.probe35[0]'. (/home/dev/Vicharak/DCT/dct_uart/work_dbg/debug_top.v:176)
[EFX-0201 WARNING] Re-wiring to GND non-driven net 'la0.probe36[0]'. (/home/dev/Vicharak/DCT/dct_uart/work_dbg/debug_top.v:176)
[EFX-0201 WARNING] Re-wiring to GND non-driven net 'la0.probe37[0]'. (/home/dev/Vicharak/DCT/dct_uart/work_dbg/debug_top.v:176)
[EFX-0201 WARNING] Re-wiring to GND non-driven net 'la0.probe38[0]'. (/home/dev/Vicharak/DCT/dct_uart/work_dbg/debug_top.v:176)
[EFX-0201 WARNING] Re-wiring to GND non-driven net 'la0.probe39[0]'. (/home/dev/Vicharak/DCT/dct_uart/work_dbg/debug_top.v:176)
[EFX-0201 WARNING] Re-wiring to GND non-driven net 'la0.probe40[0]'. (/home/dev/Vicharak/DCT/dct_uart/work_dbg/debug_top.v:176)
[EFX-0201 WARNING] Re-wiring to GND non-driven net 'la0.probe41[0]'. (/home/dev/Vicharak/DCT/dct_uart/work_dbg/debug_top.v:176)
[EFX-0011 VERI-WARNING] Input/inout port bscan_DRCK is unconnected and will be removed. (VDB-8003) (/home/dev/Vicharak/DCT/dct_uart/work_dbg/debug_top.v:13)
[EFX-0011 VERI-WARNING] Input/inout port bscan_RUNTEST is unconnected and will be removed. (VDB-8003) (/home/dev/Vicharak/DCT/dct_uart/work_dbg/debug_top.v:15)
[EFX-0011 VERI-WARNING] Input/inout port bscan_TMS is unconnected and will be removed. (VDB-8003) (/home/dev/Vicharak/DCT/dct_uart/work_dbg/debug_top.v:20)

///////////////////////////////////
// Efinity Synthesis Started 
// Jul 15, 2025 17:52:23
///////////////////////////////////

[EFX-0200 WARNING] Removing redundant signal : A[31]. (/home/dev/Vicharak/DCT/dct_uart/rtl/add-sub.v:230)
[EFX-0200 WARNING] Removing redundant signal : B[31]. (/home/dev/Vicharak/DCT/dct_uart/rtl/add-sub.v:231)
[EFX-0200 WARNING] Removing redundant signal : count_leading_zeros[4]. (/home/dev/Vicharak/DCT/dct_uart/rtl/add-sub.v:259)
[EFX-0200 WARNING] Removing redundant signal : count_leading_zeros[3]. (/home/dev/Vicharak/DCT/dct_uart/rtl/add-sub.v:259)
[EFX-0200 WARNING] Removing redundant signal : count_leading_zeros[2]. (/home/dev/Vicharak/DCT/dct_uart/rtl/add-sub.v:259)
[EFX-0200 WARNING] Removing redundant signal : count_leading_zeros[1]. (/home/dev/Vicharak/DCT/dct_uart/rtl/add-sub.v:259)
[EFX-0200 WARNING] Removing redundant signal : count_leading_zeros[0]. (/home/dev/Vicharak/DCT/dct_uart/rtl/add-sub.v:259)
[EFX-0200 WARNING] Removing redundant signal : count_leading_zeros.in[23]. (/home/dev/Vicharak/DCT/dct_uart/rtl/add-sub.v:260)
[EFX-0200 WARNING] Removing redundant signal : count_leading_zeros.in[22]. (/home/dev/Vicharak/DCT/dct_uart/rtl/add-sub.v:260)
[EFX-0200 WARNING] Removing redundant signal : count_leading_zeros.in[21]. (/home/dev/Vicharak/DCT/dct_uart/rtl/add-sub.v:260)
[EFX-0200 WARNING] Removing redundant signal : count_leading_zeros.in[20]. (/home/dev/Vicharak/DCT/dct_uart/rtl/add-sub.v:260)
[EFX-0200 WARNING] Removing redundant signal : count_leading_zeros.in[19]. (/home/dev/Vicharak/DCT/dct_uart/rtl/add-sub.v:260)
[EFX-0200 WARNING] Removing redundant signal : count_leading_zeros.in[18]. (/home/dev/Vicharak/DCT/dct_uart/rtl/add-sub.v:260)
[EFX-0200 WARNING] Removing redundant signal : count_leading_zeros.in[17]. (/home/dev/Vicharak/DCT/dct_uart/rtl/add-sub.v:260)
[EFX-0200 WARNING] Removing redundant signal : count_leading_zeros.in[16]. (/home/dev/Vicharak/DCT/dct_uart/rtl/add-sub.v:260)
[EFX-0200 WARNING] Removing redundant signal : count_leading_zeros.in[15]. (/home/dev/Vicharak/DCT/dct_uart/rtl/add-sub.v:260)
[EFX-0200 WARNING] Removing redundant signal : count_leading_zeros.in[14]. (/home/dev/Vicharak/DCT/dct_uart/rtl/add-sub.v:260)
[EFX-0200 WARNING] Removing redundant signal : count_leading_zeros.in[13]. (/home/dev/Vicharak/DCT/dct_uart/rtl/add-sub.v:260)
[EFX-0200 WARNING] Removing redundant signal : count_leading_zeros.in[12]. (/home/dev/Vicharak/DCT/dct_uart/rtl/add-sub.v:260)
[EFX-0200 WARNING] Removing redundant signal : count_leading_zeros.in[11]. (/home/dev/Vicharak/DCT/dct_uart/rtl/add-sub.v:260)
